# JRE version: OpenJDK Runtime Environment (17.0.6) (build 17.0.6+0-b2043.56-10027231)
# Java VM: OpenJDK 64-Bit Server VM (17.0.6+0-b2043.56-10027231, mixed mode, tiered, compressed oops, compressed class ptrs, g1 gc, windows-amd64)
GC Precious Log:
 CPUs: 8 total, 8 available
 Memory: 16039M
 Large Page Support: Disabled
 NUMA Support: Disabled
 Compressed Oops: Enabled (32-bit)
 Heap Region Size: 1M
 Heap Min Capacity: 8M
 Heap Initial Capacity: 252M
 Heap Max Capacity: 2G
 Pre-touch: Disabled
 Parallel Workers: 8
 Concurrent Workers: 2
 Concurrent Refinement Workers: 8
 Periodic GC: Disabled
Heap:
 garbage-first heap   total 460800K, used 312165K [0x0000000080000000, 0x0000000100000000)
  region size 1024K, 79 young (80896K), 13 survivors (13312K)
 Metaspace       used 178697K, committed 179840K, reserved 1212416K
  class space    used 22748K, committed 23296K, reserved 1048576K
GC Heap History (20 events):
Event: 82.920 GC heap before
{Heap before GC invocations=64 (full 0):
 garbage-first heap   total 460800K, used 355991K [0x0000000080000000, 0x0000000100000000)
  region size 1024K, 149 young (152576K), 2 survivors (2048K)
 Metaspace       used 150032K, committed 150912K, reserved 1187840K
  class space    used 19489K, committed 19904K, reserved 1048576K
}
Event: 82.926 GC heap after
{Heap after GC invocations=65 (full 0):
 garbage-first heap   total 460800K, used 210786K [0x0000000080000000, 0x0000000100000000)
  region size 1024K, 8 young (8192K), 8 survivors (8192K)
 Metaspace       used 150032K, committed 150912K, reserved 1187840K
  class space    used 19489K, committed 19904K, reserved 1048576K
}
Event: 84.653 GC heap before
{Heap before GC invocations=66 (full 0):
 garbage-first heap   total 460800K, used 381794K [0x0000000080000000, 0x0000000100000000)
  region size 1024K, 159 young (162816K), 8 survivors (8192K)
 Metaspace       used 162365K, committed 163264K, reserved 1196032K
  class space    used 21091K, committed 21504K, reserved 1048576K
}
Event: 84.666 GC heap after
{Heap after GC invocations=67 (full 0):
 garbage-first heap   total 460800K, used 225125K [0x0000000080000000, 0x0000000100000000)
  region size 1024K, 20 young (20480K), 20 survivors (20480K)
 Metaspace       used 162365K, committed 163264K, reserved 1196032K
  class space    used 21091K, committed 21504K, reserved 1048576K
}
Event: 84.784 GC heap before
{Heap before GC invocations=67 (full 0):
 garbage-first heap   total 460800K, used 227173K [0x0000000080000000, 0x0000000100000000)
  region size 1024K, 22 young (22528K), 20 survivors (20480K)
 Metaspace       used 162741K, committed 163648K, reserved 1196032K
  class space    used 21137K, committed 21568K, reserved 1048576K
}
Event: 84.793 GC heap after
{Heap after GC invocations=68 (full 0):
 garbage-first heap   total 460800K, used 223952K [0x0000000080000000, 0x0000000100000000)
  region size 1024K, 3 young (3072K), 3 survivors (3072K)
 Metaspace       used 162741K, committed 163648K, reserved 1196032K
  class space    used 21137K, committed 21568K, reserved 1048576K
}
Event: 185.101 GC heap before
{Heap before GC invocations=68 (full 0):
 garbage-first heap   total 460800K, used 295632K [0x0000000080000000, 0x0000000100000000)
  region size 1024K, 74 young (75776K), 3 survivors (3072K)
 Metaspace       used 165018K, committed 165888K, reserved 1196032K
  class space    used 21275K, committed 21696K, reserved 1048576K
}
Event: 185.107 GC heap after
{Heap after GC invocations=69 (full 0):
 garbage-first heap   total 460800K, used 226727K [0x0000000080000000, 0x0000000100000000)
  region size 1024K, 6 young (6144K), 6 survivors (6144K)
 Metaspace       used 165018K, committed 165888K, reserved 1196032K
  class space    used 21275K, committed 21696K, reserved 1048576K
}
Event: 187.575 GC heap before
{Heap before GC invocations=70 (full 0):
 garbage-first heap   total 460800K, used 370087K [0x0000000080000000, 0x0000000100000000)
  region size 1024K, 146 young (149504K), 6 survivors (6144K)
 Metaspace       used 166013K, committed 166912K, reserved 1196032K
  class space    used 21342K, committed 21760K, reserved 1048576K
}
Event: 187.583 GC heap after
{Heap after GC invocations=71 (full 0):
 garbage-first heap   total 460800K, used 229892K [0x0000000080000000, 0x0000000100000000)
  region size 1024K, 9 young (9216K), 9 survivors (9216K)
 Metaspace       used 166013K, committed 166912K, reserved 1196032K
  class space    used 21342K, committed 21760K, reserved 1048576K
}
Event: 187.871 GC heap before
{Heap before GC invocations=71 (full 0):
 garbage-first heap   total 460800K, used 242180K [0x0000000080000000, 0x0000000100000000)
  region size 1024K, 22 young (22528K), 9 survivors (9216K)
 Metaspace       used 166087K, committed 167040K, reserved 1196032K
  class space    used 21343K, committed 21824K, reserved 1048576K
}
Event: 187.876 GC heap after
{Heap after GC invocations=72 (full 0):
 garbage-first heap   total 460800K, used 227910K [0x0000000080000000, 0x0000000100000000)
  region size 1024K, 2 young (2048K), 2 survivors (2048K)
 Metaspace       used 166087K, committed 167040K, reserved 1196032K
  class space    used 21343K, committed 21824K, reserved 1048576K
}
Event: 207.479 GC heap before
{Heap before GC invocations=72 (full 0):
 garbage-first heap   total 460800K, used 373318K [0x0000000080000000, 0x0000000100000000)
  region size 1024K, 145 young (148480K), 2 survivors (2048K)
 Metaspace       used 166550K, committed 167552K, reserved 1196032K
  class space    used 21379K, committed 21888K, reserved 1048576K
}
Event: 207.484 GC heap after
{Heap after GC invocations=73 (full 0):
 garbage-first heap   total 460800K, used 230206K [0x0000000080000000, 0x0000000100000000)
  region size 1024K, 4 young (4096K), 4 survivors (4096K)
 Metaspace       used 166550K, committed 167552K, reserved 1196032K
  class space    used 21379K, committed 21888K, reserved 1048576K
}
Event: 387.310 GC heap before
{Heap before GC invocations=74 (full 0):
 garbage-first heap   total 460800K, used 377662K [0x0000000080000000, 0x0000000100000000)
  region size 1024K, 149 young (152576K), 4 survivors (4096K)
 Metaspace       used 169976K, committed 171008K, reserved 1204224K
  class space    used 21768K, committed 22272K, reserved 1048576K
}
Event: 387.317 GC heap after
{Heap after GC invocations=75 (full 0):
 garbage-first heap   total 460800K, used 236577K [0x0000000080000000, 0x0000000100000000)
  region size 1024K, 11 young (11264K), 11 survivors (11264K)
 Metaspace       used 169976K, committed 171008K, reserved 1204224K
  class space    used 21768K, committed 22272K, reserved 1048576K
}
Event: 387.420 GC heap before
{Heap before GC invocations=75 (full 0):
 garbage-first heap   total 460800K, used 246817K [0x0000000080000000, 0x0000000100000000)
  region size 1024K, 22 young (22528K), 11 survivors (11264K)
 Metaspace       used 171213K, committed 172224K, reserved 1204224K
  class space    used 21939K, committed 22464K, reserved 1048576K
}
Event: 387.428 GC heap after
{Heap after GC invocations=76 (full 0):
 garbage-first heap   total 460800K, used 235452K [0x0000000080000000, 0x0000000100000000)
  region size 1024K, 2 young (2048K), 2 survivors (2048K)
 Metaspace       used 171213K, committed 172224K, reserved 1204224K
  class space    used 21939K, committed 22464K, reserved 1048576K
}
Event: 1264.978 GC heap before
{Heap before GC invocations=76 (full 0):
 garbage-first heap   total 460800K, used 381884K [0x0000000080000000, 0x0000000100000000)
  region size 1024K, 146 young (149504K), 2 survivors (2048K)
 Metaspace       used 177734K, committed 178752K, reserved 1212416K
  class space    used 22598K, committed 23104K, reserved 1048576K
}
Event: 1264.988 GC heap after
{Heap after GC invocations=77 (full 0):
 garbage-first heap   total 460800K, used 246629K [0x0000000080000000, 0x0000000100000000)
  region size 1024K, 13 young (13312K), 13 survivors (13312K)
 Metaspace       used 177734K, committed 178752K, reserved 1212416K
  class space    used 22598K, committed 23104K, reserved 1048576K
}

